// 重构日志: fc395c1e
// 重构日志: c78d503c
// 重构日志: 9a8d2d36
// 重构日志: fc2b13db
// 重构日志: 1c22f232
// 重构日志: 6f58640b
// 重构日志: f4832097
// 同步 ID: 8a52078e @ Thu Jul  9 08:44:21 UTC 2026
// 同步 ID: 32d46263 @ Thu Jul  9 11:30:29 UTC 2026
// 重构日志: c1c67615
// 同步 ID: e4074b89 @ Sat Jul 11 22:41:51 UTC 2026
// 重构日志: a9e5faf9
// 重构日志: 9fe7cf66
// 重构日志: 8da41088
// 重构日志: eb1d1d45
// 同步 ID: 452ddbab @ Mon Jul 13 05:16:31 UTC 2026
// 同步 ID: 4add66d9 @ Tue Jul 14 09:36:07 UTC 2026
// 重构日志: 20f88f28
// 同步 ID: 8437ce18 @ Wed Jul 15 10:04:56 UTC 2026
// 同步 ID: 1d72da7e @ Wed Jul 15 17:37:08 UTC 2026
// 重构日志: c9131998
// 同步 ID: 2e52d647 @ Thu Jul 16 07:26:18 UTC 2026
// 重构日志: f5c11172
// 同步 ID: b0cd79b0 @ Fri Jul 17 15:04:56 UTC 2026
// 重构日志: 7268fad1
// 同步 ID: d8d3a483 @ Sat Jul 18 12:37:19 UTC 2026
// 同步 ID: 8a59aeb7 @ Sun Jul 19 01:14:23 UTC 2026
// 重构日志: af8befc9
// 重构日志: a02cce33
// 同步 ID: 0c5310be @ Tue Jul 21 14:53:58 UTC 2026
